<?xml version="1.0" encoding="UTF-8"?>
<testsuite name="PrefixTreeTest" tests="4" skipped="0" failures="0" errors="0" timestamp="2022-11-04T11:10:09" hostname="LAPTOP-DA2QJ4FA" time="0.033">
  <properties/>
  <testcase name="testAddStringAndFindAll()" classname="PrefixTreeTest" time="0.027"/>
  <testcase name="testFindString()" classname="PrefixTreeTest" time="0.001"/>
  <testcase name="testFindStringNotCorrect()" classname="PrefixTreeTest" time="0.001"/>
  <testcase name="testRemove()" classname="PrefixTreeTest" time="0.001"/>
  <system-out><![CDATA[]]></system-out>
  <system-err><![CDATA[]]></system-err>
</testsuite>
